2025-05-29 13:30:40,307 - __main__ - INFO - Setup logging initialized. Log file: ./logs\setup_20250529_133040.log
2025-05-29 13:30:40,307 - __main__ - INFO - Starting Airbnb RAG System setup...
2025-05-29 13:30:40,308 - __main__ - INFO - Arguments: force_rebuild=False, skip_test=True, skip_export=False
2025-05-29 13:30:40,308 - __main__ - INFO - 
Executing step: Creating directories
2025-05-29 13:30:40,308 - __main__ - INFO - Created/verified directory: ./data
2025-05-29 13:30:40,308 - __main__ - INFO - Created/verified directory: ./logs
2025-05-29 13:30:40,308 - __main__ - INFO - Created/verified directory: ./data\cache
2025-05-29 13:30:40,308 - __main__ - INFO - Created/verified directory: ./data\exports
2025-05-29 13:30:40,322 - __main__ - INFO - [OK] Creating directories completed successfully
2025-05-29 13:30:40,322 - __main__ - INFO - 
Executing step: Testing MongoDB connection
2025-05-29 13:30:40,322 - __main__ - INFO - Testing MongoDB connection...
2025-05-29 13:30:40,341 - database - INFO - Connected to MongoDB: local.documents
2025-05-29 13:30:40,347 - __main__ - INFO - Found 5555 documents in collection 'documents'
2025-05-29 13:30:40,348 - __main__ - INFO - Sample document keys: ['_id', 'listing_url', 'name', 'summary', 'space', 'description', 'neighborhood_overview', 'notes', 'transit', 'access']...
2025-05-29 13:30:40,349 - database - INFO - Disconnected from MongoDB
2025-05-29 13:30:40,349 - __main__ - INFO - [OK] Testing MongoDB connection completed successfully
2025-05-29 13:30:40,349 - __main__ - INFO - 
Executing step: Building search index
2025-05-29 13:30:40,349 - __main__ - INFO - Initializing Index Manager...
2025-05-29 13:30:40,349 - __main__ - INFO - Building search index (this may take a while)...
2025-05-29 13:30:40,349 - index_manager - INFO - Starting index creation process...
2025-05-29 13:30:40,697 - index_manager - INFO - Loaded existing indexes successfully
2025-05-29 13:30:40,697 - index_manager - INFO - Using existing indexes
2025-05-29 13:30:40,697 - __main__ - INFO - Successfully built index with 5555 documents
2025-05-29 13:30:40,697 - __main__ - INFO - Embedding dimension: 384
2025-05-29 13:30:40,697 - __main__ - INFO - FAISS index size: 5555
2025-05-29 13:30:40,755 - __main__ - INFO - [OK] Building search index completed successfully
2025-05-29 13:30:40,756 - __main__ - INFO - 
Executing step: Creating sample exports
2025-05-29 13:30:40,756 - __main__ - INFO - Creating sample Excel exports...
2025-05-29 13:30:40,756 - __main__ - INFO - Exporting database sample to Excel...
2025-05-29 13:30:40,762 - database - INFO - Connected to MongoDB: local.documents
2025-05-29 13:30:40,762 - excel_export - INFO - Loading all documents from database...
2025-05-29 13:30:50,311 - excel_export - INFO - Exported 5555 documents to ./data\sample_airbnb_export.xlsx
2025-05-29 13:30:50,312 - database - INFO - Disconnected from MongoDB
2025-05-29 13:30:50,374 - __main__ - INFO - [OK] Sample export created: ./data\sample_airbnb_export.xlsx
2025-05-29 13:30:50,374 - __main__ - INFO - [OK] Creating sample exports completed successfully
2025-05-29 13:30:50,374 - __main__ - INFO - 
============================================================
2025-05-29 13:30:50,374 - __main__ - INFO - AIRBNB RAG SYSTEM SETUP COMPLETE
2025-05-29 13:30:50,374 - __main__ - INFO - ============================================================
2025-05-29 13:30:50,374 - __main__ - INFO - Configuration:
2025-05-29 13:30:50,374 - __main__ - INFO -   MongoDB URI: mongodb://localhost:27017/
2025-05-29 13:30:50,374 - __main__ - INFO -   Database: local
2025-05-29 13:30:50,374 - __main__ - INFO -   Collection: documents
2025-05-29 13:30:50,374 - __main__ - INFO -   Data Directory: ./data
2025-05-29 13:30:50,374 - __main__ - INFO -   Embedding Model: sentence-transformers/all-MiniLM-L6-v2
2025-05-29 13:30:50,374 - __main__ - INFO - 
Files Created:
2025-05-29 13:30:50,374 - __main__ - INFO -   [OK] ./data\faiss_index.bin (8.1 MB)
2025-05-29 13:30:50,374 - __main__ - INFO -   [OK] ./data\processed_documents.pkl (100.3 MB)
2025-05-29 13:30:50,375 - __main__ - INFO -   [OK] ./data\embeddings.pkl (8.1 MB)
2025-05-29 13:30:50,375 - __main__ - INFO -   [OK] ./data\sample_airbnb_export.xlsx (22.7 MB)
2025-05-29 13:30:50,375 - __main__ - INFO - 
Next Steps:
2025-05-29 13:30:50,375 - __main__ - INFO -   1. Run 'python main.py' to start the web interface
2025-05-29 13:30:50,376 - __main__ - INFO -   2. Open your browser to http://localhost:7860
2025-05-29 13:30:50,376 - __main__ - INFO -   3. Try some sample queries like:
2025-05-29 13:30:50,376 - __main__ - INFO -      - 'Find 2-bedroom apartments with WiFi'
2025-05-29 13:30:50,376 - __main__ - INFO -      - 'Show me places under $100'
2025-05-29 13:30:50,376 - __main__ - INFO -      - 'What are some highly rated properties?'
2025-05-29 13:30:50,376 - __main__ - INFO - 
============================================================
2025-05-29 13:30:50,376 - __main__ - INFO - 
Setup completed successfully!
