2025-05-29 13:31:02,726 - __main__ - INFO - Starting JSON RAG System...
2025-05-29 13:31:02,848 - __main__ - INFO - Launching web interface...
2025-05-29 13:31:04,177 - httpx - INFO - HTTP Request: GET https://api.gradio.app/pkg-version "HTTP/1.1 200 OK"
2025-05-29 13:31:05,229 - httpx - INFO - HTTP Request: GET http://localhost:7860/gradio_api/startup-events "HTTP/1.1 200 OK"
2025-05-29 13:31:07,277 - httpx - INFO - HTTP Request: HEAD http://localhost:7860/ "HTTP/1.1 200 OK"
2025-05-29 13:49:08,463 - __main__ - INFO - Starting JSON RAG System...
2025-05-29 13:49:08,562 - __main__ - INFO - Launching web interface...
2025-05-29 13:49:09,958 - httpx - INFO - HTTP Request: GET https://api.gradio.app/pkg-version "HTTP/1.1 200 OK"
2025-05-29 15:20:34,347 - __main__ - INFO - Starting JSON RAG System...
2025-05-29 15:20:34,476 - __main__ - INFO - Launching web interface...
2025-05-29 15:20:35,976 - httpx - INFO - HTTP Request: GET https://api.gradio.app/pkg-version "HTTP/1.1 200 OK"
2025-05-29 15:20:36,872 - httpx - INFO - HTTP Request: GET http://localhost:7861/gradio_api/startup-events "HTTP/1.1 200 OK"
2025-05-29 15:20:38,939 - httpx - INFO - HTTP Request: HEAD http://localhost:7861/ "HTTP/1.1 200 OK"
2025-05-29 15:21:07,155 - __main__ - INFO - Starting JSON RAG System...
2025-05-29 15:21:07,158 - core_system - INFO - RAG system initialized with advanced NLP capabilities
2025-05-29 15:21:07,159 - core_system - INFO - Initializing RAG system components...
2025-05-29 15:21:07,160 - search_system - INFO - Search system initialized
2025-05-29 15:21:07,160 - search_system - INFO - Initializing Search System...
2025-05-29 15:21:07,160 - search_system - INFO - Starting index creation process...
2025-05-29 15:21:07,160 - search_system - INFO - Loading cached processed documents...
2025-05-29 15:21:07,854 - search_system - INFO - Loaded 5555 cached documents
2025-05-29 15:21:07,854 - search_system - INFO - Loading cached embeddings...
2025-05-29 15:21:07,860 - search_system - INFO - Loaded embeddings for 5555 documents
2025-05-29 15:21:07,860 - search_system - INFO - Loading cached FAISS index...
2025-05-29 15:21:07,866 - search_system - INFO - Loaded FAISS index with 5555 vectors
2025-05-29 15:21:07,867 - search_system - INFO - Search index creation completed
2025-05-29 15:21:07,867 - search_system - INFO - Search index built successfully
2025-05-29 15:21:07,868 - core_system - INFO - Loaded 5555 documents and search index
2025-05-29 15:21:07,868 - core_system - INFO - RAG system initialized successfully
2025-05-29 15:21:07,868 - __main__ - ERROR - Error processing query: cannot unpack non-iterable bool object
